<?xml version="1.0" encoding="UTF-8"?>
<!-- Generated by org.testng.reporters.JUnitReportReporter -->
<testsuite name="testcase.catalog_search" tests="1" time="69.987" ignored="0" failures="0" timestamp="02 Aug 2018 18:34:38 GMT" skipped="0" hostname="ManiMaran-PC" errors="0">
  <testcase name="Amazon_search" time="69.987" classname="testcase.catalog_search"/>
</testsuite> <!-- testcase.catalog_search -->
