<?xml version="1.0" encoding="UTF-8"?>
<!-- Generated by org.testng.reporters.JUnitReportReporter -->
<testsuite name="testcase.catalog_search" tests="1" time="246.417" ignored="0" failures="0" timestamp="03 Aug 2018 17:43:11 GMT" skipped="0" hostname="ManiMaran-PC" errors="0">
  <testcase name="Amazon_search" time="246.417" classname="testcase.catalog_search"/>
</testsuite> <!-- testcase.catalog_search -->
